app/build/intermediates/manifest_merge_blame_file/debug/processDebugMainManifest/manifest-merger-blame-debug-report.txt
1<?xml version="1.0" encoding="utf-8"?>
2<manifest xmlns:android="http://schemas.android.com/apk/res/android"
3    package="com.raffastudioproducoes.minharota"
4    android:versionCode="2"
5    android:versionName="1.1.0-release" >
6
7    <uses-sdk
7-->INJECTED
8        android:minSdkVersion="26"
8-->INJECTED
9        android:targetSdkVersion="34" />
9-->INJECTED
10
11    <uses-permission android:name="android.permission.INTERNET" />
11-->src\main\AndroidManifest.xml:4:5-67
11-->src\main\AndroidManifest.xml:4:22-64
12    <uses-permission android:name="android.permission.BIND_ACCESSIBILITY_SERVICE" />
12-->src\main\AndroidManifest.xml:5:5-85
12-->src\main\AndroidManifest.xml:5:22-82
13    <uses-permission android:name="android.permission.CAMERA" />
13-->src\main\AndroidManifest.xml:6:5-65
13-->src\main\AndroidManifest.xml:6:22-62
14
15    <!-- Permissões de Localização (GPS/Mapa de Calor) -->
16    <uses-permission android:name="android.permission.ACCESS_FINE_LOCATION" />
16-->src\main\AndroidManifest.xml:9:5-79
16-->src\main\AndroidManifest.xml:9:22-76
17    <uses-permission android:name="android.permission.ACCESS_COARSE_LOCATION" />
17-->src\main\AndroidManifest.xml:10:5-81
17-->src\main\AndroidManifest.xml:10:22-78
18
19    <!-- Permissões de Mídia/Galeria -->
20    <uses-permission android:name="android.permission.READ_MEDIA_IMAGES" />
20-->src\main\AndroidManifest.xml:13:5-76
20-->src\main\AndroidManifest.xml:13:22-73
21    <uses-permission android:name="android.permission.READ_MEDIA_VIDEO" />
21-->src\main\AndroidManifest.xml:14:5-75
21-->src\main\AndroidManifest.xml:14:22-72
22    <uses-permission
22-->src\main\AndroidManifest.xml:15:5-107
23        android:name="android.permission.READ_EXTERNAL_STORAGE"
23-->src\main\AndroidManifest.xml:15:22-77
24        android:maxSdkVersion="32" />
24-->src\main\AndroidManifest.xml:15:78-104
25    <uses-permission
25-->src\main\AndroidManifest.xml:16:5-108
26        android:name="android.permission.WRITE_EXTERNAL_STORAGE"
26-->src\main\AndroidManifest.xml:16:22-78
27        android:maxSdkVersion="32" />
27-->src\main\AndroidManifest.xml:16:79-105
28
29    <!-- Permissões de Notificação (Alertas de Manutenção/MEI) -->
30    <uses-permission android:name="android.permission.POST_NOTIFICATIONS" />
30-->src\main\AndroidManifest.xml:19:5-77
30-->src\main\AndroidManifest.xml:19:22-74
31
32    <uses-feature
32-->src\main\AndroidManifest.xml:21:5-85
33        android:name="android.hardware.camera"
33-->src\main\AndroidManifest.xml:21:19-57
34        android:required="false" />
34-->src\main\AndroidManifest.xml:21:58-82
35    <uses-feature
35-->src\main\AndroidManifest.xml:22:5-91
36        android:name="android.hardware.location.gps"
36-->src\main\AndroidManifest.xml:22:19-63
37        android:required="false" />
37-->src\main\AndroidManifest.xml:22:64-88
38
39    <uses-permission android:name="android.permission.ACCESS_NETWORK_STATE" />
39-->[com.google.firebase:firebase-auth:23.1.0] AndroidManifest.xml:26:5-79
39-->[com.google.firebase:firebase-auth:23.1.0] AndroidManifest.xml:26:22-76
40    <uses-permission android:name="com.google.android.providers.gsf.permission.READ_GSERVICES" />
40-->[com.google.android.recaptcha:recaptcha:18.5.1] AndroidManifest.xml:9:5-98
40-->[com.google.android.recaptcha:recaptcha:18.5.1] AndroidManifest.xml:9:22-95
41
42    <permission
42-->[androidx.core:core:1.12.0] AndroidManifest.xml:22:5-24:47
43        android:name="com.raffastudioproducoes.minharota.DYNAMIC_RECEIVER_NOT_EXPORTED_PERMISSION"
43-->[androidx.core:core:1.12.0] AndroidManifest.xml:23:9-81
44        android:protectionLevel="signature" />
44-->[androidx.core:core:1.12.0] AndroidManifest.xml:24:9-44
45
46    <uses-permission android:name="com.raffastudioproducoes.minharota.DYNAMIC_RECEIVER_NOT_EXPORTED_PERMISSION" />
46-->[androidx.core:core:1.12.0] AndroidManifest.xml:26:5-97
46-->[androidx.core:core:1.12.0] AndroidManifest.xml:26:22-94
47
48    <application
48-->src\main\AndroidManifest.xml:24:5-66:19
49        android:name="com.raffastudioproducoes.minharota.MinhaRotaApp"
49-->src\main\AndroidManifest.xml:25:9-37
50        android:allowBackup="true"
50-->src\main\AndroidManifest.xml:26:9-35
51        android:appComponentFactory="androidx.core.app.CoreComponentFactory"
51-->[androidx.core:core:1.12.0] AndroidManifest.xml:28:18-86
52        android:debuggable="true"
53        android:extractNativeLibs="false"
53-->INJECTED
54        android:icon="@drawable/app_icon_master"
54-->src\main\AndroidManifest.xml:27:9-49
55        android:label="@string/app_name"
55-->src\main\AndroidManifest.xml:28:9-41
56        android:roundIcon="@drawable/app_icon_master"
56-->src\main\AndroidManifest.xml:29:9-54
57        android:supportsRtl="true"
57-->src\main\AndroidManifest.xml:30:9-35
58        android:theme="@android:style/Theme.Material.Light.NoActionBar" >
58-->src\main\AndroidManifest.xml:31:9-72
59        <activity
59-->src\main\AndroidManifest.xml:33:9-41:20
60            android:name="com.raffastudioproducoes.minharota.MainActivity"
60-->src\main\AndroidManifest.xml:34:13-41
61            android:exported="true"
61-->src\main\AndroidManifest.xml:35:13-36
62            android:theme="@android:style/Theme.Material.Light.NoActionBar" >
62-->src\main\AndroidManifest.xml:36:13-76
63            <intent-filter>
63-->src\main\AndroidManifest.xml:37:13-40:29
64                <action android:name="android.intent.action.MAIN" />
64-->src\main\AndroidManifest.xml:38:17-69
64-->src\main\AndroidManifest.xml:38:25-66
65
66                <category android:name="android.intent.category.LAUNCHER" />
66-->src\main\AndroidManifest.xml:39:17-77
66-->src\main\AndroidManifest.xml:39:27-74
67            </intent-filter>
68        </activity>
69
70        <service
70-->src\main\AndroidManifest.xml:43:9-54:19
71            android:name="com.raffastudioproducoes.minharota.services.RideAssistantService"
71-->src\main\AndroidManifest.xml:44:13-58
72            android:exported="true"
72-->src\main\AndroidManifest.xml:46:13-36
73            android:label="Assistente de Corrida MinhaRota"
73-->src\main\AndroidManifest.xml:47:13-60
74            android:permission="android.permission.BIND_ACCESSIBILITY_SERVICE" >
74-->src\main\AndroidManifest.xml:45:13-79
75            <intent-filter>
75-->src\main\AndroidManifest.xml:48:13-50:29
76                <action android:name="android.accessibilityservice.AccessibilityService" />
76-->src\main\AndroidManifest.xml:49:17-92
76-->src\main\AndroidManifest.xml:49:25-89
77            </intent-filter>
78
79            <meta-data
79-->src\main\AndroidManifest.xml:51:13-53:65
80                android:name="android.accessibilityservice"
80-->src\main\AndroidManifest.xml:52:17-60
81                android:resource="@xml/ride_assistant_config" />
81-->src\main\AndroidManifest.xml:53:17-62
82        </service>
83
84        <provider
84-->INJECTED
85            android:name="androidx.core.content.FileProvider"
85-->src\main\AndroidManifest.xml:57:13-62
86            android:authorities="com.raffastudioproducoes.minharota.fileprovider"
86-->INJECTED
87            android:exported="false"
87-->src\main\AndroidManifest.xml:59:13-37
88            android:grantUriPermissions="true" >
88-->src\main\AndroidManifest.xml:60:13-47
89            <meta-data
89-->src\main\AndroidManifest.xml:61:13-63:54
90                android:name="android.support.FILE_PROVIDER_PATHS"
90-->src\main\AndroidManifest.xml:62:17-67
91                android:resource="@xml/file_paths" />
91-->src\main\AndroidManifest.xml:63:17-51
92        </provider>
93
94        <service
94-->[com.google.firebase:firebase-auth-ktx:23.1.0] AndroidManifest.xml:8:9-14:19
95            android:name="com.google.firebase.components.ComponentDiscoveryService"
95-->[com.google.firebase:firebase-auth-ktx:23.1.0] AndroidManifest.xml:9:13-84
96            android:directBootAware="true"
96-->[com.google.firebase:firebase-common:21.0.0] AndroidManifest.xml:32:13-43
97            android:exported="false" >
97-->[com.google.firebase:firebase-auth-ktx:23.1.0] AndroidManifest.xml:10:13-37
98            <meta-data
98-->[com.google.firebase:firebase-auth-ktx:23.1.0] AndroidManifest.xml:11:13-13:85
99                android:name="com.google.firebase.components:com.google.firebase.auth.ktx.FirebaseAuthLegacyRegistrar"
99-->[com.google.firebase:firebase-auth-ktx:23.1.0] AndroidManifest.xml:12:17-119
100                android:value="com.google.firebase.components.ComponentRegistrar" />
100-->[com.google.firebase:firebase-auth-ktx:23.1.0] AndroidManifest.xml:13:17-82
101            <meta-data
101-->[com.google.firebase:firebase-auth:23.1.0] AndroidManifest.xml:69:13-71:85
102                android:name="com.google.firebase.components:com.google.firebase.auth.FirebaseAuthRegistrar"
102-->[com.google.firebase:firebase-auth:23.1.0] AndroidManifest.xml:70:17-109
103                android:value="com.google.firebase.components.ComponentRegistrar" />
103-->[com.google.firebase:firebase-auth:23.1.0] AndroidManifest.xml:71:17-82
104            <meta-data
104-->[com.google.firebase:firebase-firestore-ktx:25.1.1] AndroidManifest.xml:12:13-14:85
105                android:name="com.google.firebase.components:com.google.firebase.firestore.ktx.FirebaseFirestoreLegacyRegistrar"
105-->[com.google.firebase:firebase-firestore-ktx:25.1.1] AndroidManifest.xml:13:17-129
106                android:value="com.google.firebase.components.ComponentRegistrar" />
106-->[com.google.firebase:firebase-firestore-ktx:25.1.1] AndroidManifest.xml:14:17-82
107            <meta-data
107-->[com.google.firebase:firebase-firestore:25.1.1] AndroidManifest.xml:17:13-19:85
108                android:name="com.google.firebase.components:com.google.firebase.firestore.FirebaseFirestoreKtxRegistrar"
108-->[com.google.firebase:firebase-firestore:25.1.1] AndroidManifest.xml:18:17-122
109                android:value="com.google.firebase.components.ComponentRegistrar" />
109-->[com.google.firebase:firebase-firestore:25.1.1] AndroidManifest.xml:19:17-82
110            <meta-data
110-->[com.google.firebase:firebase-firestore:25.1.1] AndroidManifest.xml:20:13-22:85
111                android:name="com.google.firebase.components:com.google.firebase.firestore.FirestoreRegistrar"
111-->[com.google.firebase:firebase-firestore:25.1.1] AndroidManifest.xml:21:17-111
112                android:value="com.google.firebase.components.ComponentRegistrar" />
112-->[com.google.firebase:firebase-firestore:25.1.1] AndroidManifest.xml:22:17-82
113            <meta-data
113-->[com.google.firebase:firebase-common-ktx:21.0.0] AndroidManifest.xml:12:13-14:85
114                android:name="com.google.firebase.components:com.google.firebase.ktx.FirebaseCommonLegacyRegistrar"
114-->[com.google.firebase:firebase-common-ktx:21.0.0] AndroidManifest.xml:13:17-116
115                android:value="com.google.firebase.components.ComponentRegistrar" />
115-->[com.google.firebase:firebase-common-ktx:21.0.0] AndroidManifest.xml:14:17-82
116            <meta-data
116-->[com.google.firebase:firebase-common:21.0.0] AndroidManifest.xml:35:13-37:85
117                android:name="com.google.firebase.components:com.google.firebase.FirebaseCommonKtxRegistrar"
117-->[com.google.firebase:firebase-common:21.0.0] AndroidManifest.xml:36:17-109
118                android:value="com.google.firebase.components.ComponentRegistrar" />
118-->[com.google.firebase:firebase-common:21.0.0] AndroidManifest.xml:37:17-82
119        </service>
120
121        <activity
121-->[com.google.firebase:firebase-auth:23.1.0] AndroidManifest.xml:29:9-46:20
122            android:name="com.google.firebase.auth.internal.GenericIdpActivity"
122-->[com.google.firebase:firebase-auth:23.1.0] AndroidManifest.xml:30:13-80
123            android:excludeFromRecents="true"
123-->[com.google.firebase:firebase-auth:23.1.0] AndroidManifest.xml:31:13-46
124            android:exported="true"
124-->[com.google.firebase:firebase-auth:23.1.0] AndroidManifest.xml:32:13-36
125            android:launchMode="singleTask"
125-->[com.google.firebase:firebase-auth:23.1.0] AndroidManifest.xml:33:13-44
126            android:theme="@android:style/Theme.Translucent.NoTitleBar" >
126-->[com.google.firebase:firebase-auth:23.1.0] AndroidManifest.xml:34:13-72
127            <intent-filter>
127-->[com.google.firebase:firebase-auth:23.1.0] AndroidManifest.xml:35:13-45:29
128                <action android:name="android.intent.action.VIEW" />
128-->[com.google.firebase:firebase-auth:23.1.0] AndroidManifest.xml:36:17-69
128-->[com.google.firebase:firebase-auth:23.1.0] AndroidManifest.xml:36:25-66
129
130                <category android:name="android.intent.category.DEFAULT" />
130-->[com.google.firebase:firebase-auth:23.1.0] AndroidManifest.xml:38:17-76
130-->[com.google.firebase:firebase-auth:23.1.0] AndroidManifest.xml:38:27-73
131                <category android:name="android.intent.category.BROWSABLE" />
131-->[com.google.firebase:firebase-auth:23.1.0] AndroidManifest.xml:39:17-78
131-->[com.google.firebase:firebase-auth:23.1.0] AndroidManifest.xml:39:27-75
132
133                <data
133-->[com.google.firebase:firebase-auth:23.1.0] AndroidManifest.xml:41:17-44:51
134                    android:host="firebase.auth"
134-->[com.google.firebase:firebase-auth:23.1.0] AndroidManifest.xml:42:21-49
135                    android:path="/"
135-->[com.google.firebase:firebase-auth:23.1.0] AndroidManifest.xml:43:21-37
136                    android:scheme="genericidp" />
136-->[com.google.firebase:firebase-auth:23.1.0] AndroidManifest.xml:44:21-48
137            </intent-filter>
138        </activity>
139        <activity
139-->[com.google.firebase:firebase-auth:23.1.0] AndroidManifest.xml:47:9-64:20
140            android:name="com.google.firebase.auth.internal.RecaptchaActivity"
140-->[com.google.firebase:firebase-auth:23.1.0] AndroidManifest.xml:48:13-79
141            android:excludeFromRecents="true"
141-->[com.google.firebase:firebase-auth:23.1.0] AndroidManifest.xml:49:13-46
142            android:exported="true"
142-->[com.google.firebase:firebase-auth:23.1.0] AndroidManifest.xml:50:13-36
143            android:launchMode="singleTask"
143-->[com.google.firebase:firebase-auth:23.1.0] AndroidManifest.xml:51:13-44
144            android:theme="@android:style/Theme.Translucent.NoTitleBar" >
144-->[com.google.firebase:firebase-auth:23.1.0] AndroidManifest.xml:52:13-72
145            <intent-filter>
145-->[com.google.firebase:firebase-auth:23.1.0] AndroidManifest.xml:53:13-63:29
146                <action android:name="android.intent.action.VIEW" />
146-->[com.google.firebase:firebase-auth:23.1.0] AndroidManifest.xml:36:17-69
146-->[com.google.firebase:firebase-auth:23.1.0] AndroidManifest.xml:36:25-66
147
148                <category android:name="android.intent.category.DEFAULT" />
148-->[com.google.firebase:firebase-auth:23.1.0] AndroidManifest.xml:38:17-76
148-->[com.google.firebase:firebase-auth:23.1.0] AndroidManifest.xml:38:27-73
149                <category android:name="android.intent.category.BROWSABLE" />
149-->[com.google.firebase:firebase-auth:23.1.0] AndroidManifest.xml:39:17-78
149-->[com.google.firebase:firebase-auth:23.1.0] AndroidManifest.xml:39:27-75
150
151                <data
151-->[com.google.firebase:firebase-auth:23.1.0] AndroidManifest.xml:41:17-44:51
152                    android:host="firebase.auth"
152-->[com.google.firebase:firebase-auth:23.1.0] AndroidManifest.xml:42:21-49
153                    android:path="/"
153-->[com.google.firebase:firebase-auth:23.1.0] AndroidManifest.xml:43:21-37
154                    android:scheme="recaptcha" />
154-->[com.google.firebase:firebase-auth:23.1.0] AndroidManifest.xml:44:21-48
155            </intent-filter>
156        </activity>
157
158        <service
158-->[androidx.credentials:credentials-play-services-auth:1.2.1] AndroidManifest.xml:24:9-32:19
159            android:name="androidx.credentials.playservices.CredentialProviderMetadataHolder"
159-->[androidx.credentials:credentials-play-services-auth:1.2.1] AndroidManifest.xml:25:13-94
160            android:enabled="true"
160-->[androidx.credentials:credentials-play-services-auth:1.2.1] AndroidManifest.xml:26:13-35
161            android:exported="false" >
161-->[androidx.credentials:credentials-play-services-auth:1.2.1] AndroidManifest.xml:27:13-37
162            <meta-data
162-->[androidx.credentials:credentials-play-services-auth:1.2.1] AndroidManifest.xml:29:13-31:104
163                android:name="androidx.credentials.CREDENTIAL_PROVIDER_KEY"
163-->[androidx.credentials:credentials-play-services-auth:1.2.1] AndroidManifest.xml:30:17-76
164                android:value="androidx.credentials.playservices.CredentialProviderPlayServicesImpl" />
164-->[androidx.credentials:credentials-play-services-auth:1.2.1] AndroidManifest.xml:31:17-101
165        </service>
166
167        <activity
167-->[androidx.credentials:credentials-play-services-auth:1.2.1] AndroidManifest.xml:34:9-41:20
168            android:name="androidx.credentials.playservices.HiddenActivity"
168-->[androidx.credentials:credentials-play-services-auth:1.2.1] AndroidManifest.xml:35:13-76
169            android:configChanges="orientation|screenSize|screenLayout|keyboardHidden"
169-->[androidx.credentials:credentials-play-services-auth:1.2.1] AndroidManifest.xml:36:13-87
170            android:enabled="true"
170-->[androidx.credentials:credentials-play-services-auth:1.2.1] AndroidManifest.xml:37:13-35
171            android:exported="false"
171-->[androidx.credentials:credentials-play-services-auth:1.2.1] AndroidManifest.xml:38:13-37
172            android:fitsSystemWindows="true"
172-->[androidx.credentials:credentials-play-services-auth:1.2.1] AndroidManifest.xml:39:13-45
173            android:theme="@style/Theme.Hidden" >
173-->[androidx.credentials:credentials-play-services-auth:1.2.1] AndroidManifest.xml:40:13-48
174        </activity>
175        <activity
175-->[com.google.android.gms:play-services-auth:21.0.0] AndroidManifest.xml:23:9-27:75
176            android:name="com.google.android.gms.auth.api.signin.internal.SignInHubActivity"
176-->[com.google.android.gms:play-services-auth:21.0.0] AndroidManifest.xml:24:13-93
177            android:excludeFromRecents="true"
177-->[com.google.android.gms:play-services-auth:21.0.0] AndroidManifest.xml:25:13-46
178            android:exported="false"
178-->[com.google.android.gms:play-services-auth:21.0.0] AndroidManifest.xml:26:13-37
179            android:theme="@android:style/Theme.Translucent.NoTitleBar" />
179-->[com.google.android.gms:play-services-auth:21.0.0] AndroidManifest.xml:27:13-72
180        <!--
181            Service handling Google Sign-In user revocation. For apps that do not integrate with
182            Google Sign-In, this service will never be started.
183        -->
184        <service
184-->[com.google.android.gms:play-services-auth:21.0.0] AndroidManifest.xml:33:9-37:51
185            android:name="com.google.android.gms.auth.api.signin.RevocationBoundService"
185-->[com.google.android.gms:play-services-auth:21.0.0] AndroidManifest.xml:34:13-89
186            android:exported="true"
186-->[com.google.android.gms:play-services-auth:21.0.0] AndroidManifest.xml:35:13-36
187            android:permission="com.google.android.gms.auth.api.signin.permission.REVOCATION_NOTIFICATION"
187-->[com.google.android.gms:play-services-auth:21.0.0] AndroidManifest.xml:36:13-107
188            android:visibleToInstantApps="true" />
188-->[com.google.android.gms:play-services-auth:21.0.0] AndroidManifest.xml:37:13-48
189        <service
189-->[com.google.android.gms:play-services-mlkit-text-recognition-common:19.0.0] AndroidManifest.xml:9:9-15:19
190            android:name="com.google.mlkit.common.internal.MlKitComponentDiscoveryService"
190-->[com.google.android.gms:play-services-mlkit-text-recognition-common:19.0.0] AndroidManifest.xml:10:13-91
191            android:directBootAware="true"
191-->[com.google.mlkit:common:18.8.0] AndroidManifest.xml:17:13-43
192            android:exported="false" >
192-->[com.google.android.gms:play-services-mlkit-text-recognition-common:19.0.0] AndroidManifest.xml:11:13-37
193            <meta-data
193-->[com.google.android.gms:play-services-mlkit-text-recognition-common:19.0.0] AndroidManifest.xml:12:13-14:85
194                android:name="com.google.firebase.components:com.google.mlkit.vision.text.internal.TextRegistrar"
194-->[com.google.android.gms:play-services-mlkit-text-recognition-common:19.0.0] AndroidManifest.xml:13:17-114
195                android:value="com.google.firebase.components.ComponentRegistrar" />
195-->[com.google.android.gms:play-services-mlkit-text-recognition-common:19.0.0] AndroidManifest.xml:14:17-82
196            <meta-data
196-->[com.google.mlkit:vision-common:17.3.0] AndroidManifest.xml:12:13-14:85
197                android:name="com.google.firebase.components:com.google.mlkit.vision.common.internal.VisionCommonRegistrar"
197-->[com.google.mlkit:vision-common:17.3.0] AndroidManifest.xml:13:17-124
198                android:value="com.google.firebase.components.ComponentRegistrar" />
198-->[com.google.mlkit:vision-common:17.3.0] AndroidManifest.xml:14:17-82
199            <meta-data
199-->[com.google.mlkit:common:18.8.0] AndroidManifest.xml:20:13-22:85
200                android:name="com.google.firebase.components:com.google.mlkit.common.internal.CommonComponentRegistrar"
200-->[com.google.mlkit:common:18.8.0] AndroidManifest.xml:21:17-120
201                android:value="com.google.firebase.components.ComponentRegistrar" />
201-->[com.google.mlkit:common:18.8.0] AndroidManifest.xml:22:17-82
202        </service>
203
204        <provider
204-->[com.google.mlkit:common:18.8.0] AndroidManifest.xml:9:9-13:38
205            android:name="com.google.mlkit.common.internal.MlKitInitProvider"
205-->[com.google.mlkit:common:18.8.0] AndroidManifest.xml:10:13-78
206            android:authorities="com.raffastudioproducoes.minharota.mlkitinitprovider"
206-->[com.google.mlkit:common:18.8.0] AndroidManifest.xml:11:13-69
207            android:exported="false"
207-->[com.google.mlkit:common:18.8.0] AndroidManifest.xml:12:13-37
208            android:initOrder="99" />
208-->[com.google.mlkit:common:18.8.0] AndroidManifest.xml:13:13-35
209
210        <activity
210-->[com.google.android.gms:play-services-base:18.1.0] AndroidManifest.xml:20:9-22:45
211            android:name="com.google.android.gms.common.api.GoogleApiActivity"
211-->[com.google.android.gms:play-services-base:18.1.0] AndroidManifest.xml:20:19-85
212            android:exported="false"
212-->[com.google.android.gms:play-services-base:18.1.0] AndroidManifest.xml:22:19-43
213            android:theme="@android:style/Theme.Translucent.NoTitleBar" />
213-->[com.google.android.gms:play-services-base:18.1.0] AndroidManifest.xml:21:19-78
214
215        <provider
215-->[com.google.firebase:firebase-common:21.0.0] AndroidManifest.xml:23:9-28:39
216            android:name="com.google.firebase.provider.FirebaseInitProvider"
216-->[com.google.firebase:firebase-common:21.0.0] AndroidManifest.xml:24:13-77
217            android:authorities="com.raffastudioproducoes.minharota.firebaseinitprovider"
217-->[com.google.firebase:firebase-common:21.0.0] AndroidManifest.xml:25:13-72
218            android:directBootAware="true"
218-->[com.google.firebase:firebase-common:21.0.0] AndroidManifest.xml:26:13-43
219            android:exported="false"
219-->[com.google.firebase:firebase-common:21.0.0] AndroidManifest.xml:27:13-37
220            android:initOrder="100" />
220-->[com.google.firebase:firebase-common:21.0.0] AndroidManifest.xml:28:13-36
221        <provider
221-->[androidx.emoji2:emoji2:1.3.0] AndroidManifest.xml:24:9-32:20
222            android:name="androidx.startup.InitializationProvider"
222-->[androidx.emoji2:emoji2:1.3.0] AndroidManifest.xml:25:13-67
223            android:authorities="com.raffastudioproducoes.minharota.androidx-startup"
223-->[androidx.emoji2:emoji2:1.3.0] AndroidManifest.xml:26:13-68
224            android:exported="false" >
224-->[androidx.emoji2:emoji2:1.3.0] AndroidManifest.xml:27:13-37
225            <meta-data
225-->[androidx.emoji2:emoji2:1.3.0] AndroidManifest.xml:29:13-31:52
226                android:name="androidx.emoji2.text.EmojiCompatInitializer"
226-->[androidx.emoji2:emoji2:1.3.0] AndroidManifest.xml:30:17-75
227                android:value="androidx.startup" />
227-->[androidx.emoji2:emoji2:1.3.0] AndroidManifest.xml:31:17-49
228            <meta-data
228-->[androidx.lifecycle:lifecycle-process:2.7.0] AndroidManifest.xml:29:13-31:52
229                android:name="androidx.lifecycle.ProcessLifecycleInitializer"
229-->[androidx.lifecycle:lifecycle-process:2.7.0] AndroidManifest.xml:30:17-78
230                android:value="androidx.startup" />
230-->[androidx.lifecycle:lifecycle-process:2.7.0] AndroidManifest.xml:31:17-49
231            <meta-data
231-->[androidx.profileinstaller:profileinstaller:1.3.1] AndroidManifest.xml:29:13-31:52
232                android:name="androidx.profileinstaller.ProfileInstallerInitializer"
232-->[androidx.profileinstaller:profileinstaller:1.3.1] AndroidManifest.xml:30:17-85
233                android:value="androidx.startup" />
233-->[androidx.profileinstaller:profileinstaller:1.3.1] AndroidManifest.xml:31:17-49
234        </provider>
235
236        <receiver
236-->[androidx.profileinstaller:profileinstaller:1.3.1] AndroidManifest.xml:34:9-52:20
237            android:name="androidx.profileinstaller.ProfileInstallReceiver"
237-->[androidx.profileinstaller:profileinstaller:1.3.1] AndroidManifest.xml:35:13-76
238            android:directBootAware="false"
238-->[androidx.profileinstaller:profileinstaller:1.3.1] AndroidManifest.xml:36:13-44
239            android:enabled="true"
239-->[androidx.profileinstaller:profileinstaller:1.3.1] AndroidManifest.xml:37:13-35
240            android:exported="true"
240-->[androidx.profileinstaller:profileinstaller:1.3.1] AndroidManifest.xml:38:13-36
241            android:permission="android.permission.DUMP" >
241-->[androidx.profileinstaller:profileinstaller:1.3.1] AndroidManifest.xml:39:13-57
242            <intent-filter>
242-->[androidx.profileinstaller:profileinstaller:1.3.1] AndroidManifest.xml:40:13-42:29
243                <action android:name="androidx.profileinstaller.action.INSTALL_PROFILE" />
243-->[androidx.profileinstaller:profileinstaller:1.3.1] AndroidManifest.xml:41:17-91
243-->[androidx.profileinstaller:profileinstaller:1.3.1] AndroidManifest.xml:41:25-88
244            </intent-filter>
245            <intent-filter>
245-->[androidx.profileinstaller:profileinstaller:1.3.1] AndroidManifest.xml:43:13-45:29
246                <action android:name="androidx.profileinstaller.action.SKIP_FILE" />
246-->[androidx.profileinstaller:profileinstaller:1.3.1] AndroidManifest.xml:44:17-85
246-->[androidx.profileinstaller:profileinstaller:1.3.1] AndroidManifest.xml:44:25-82
247            </intent-filter>
248            <intent-filter>
248-->[androidx.profileinstaller:profileinstaller:1.3.1] AndroidManifest.xml:46:13-48:29
249                <action android:name="androidx.profileinstaller.action.SAVE_PROFILE" />
249-->[androidx.profileinstaller:profileinstaller:1.3.1] AndroidManifest.xml:47:17-88
249-->[androidx.profileinstaller:profileinstaller:1.3.1] AndroidManifest.xml:47:25-85
250            </intent-filter>
251            <intent-filter>
251-->[androidx.profileinstaller:profileinstaller:1.3.1] AndroidManifest.xml:49:13-51:29
252                <action android:name="androidx.profileinstaller.action.BENCHMARK_OPERATION" />
252-->[androidx.profileinstaller:profileinstaller:1.3.1] AndroidManifest.xml:50:17-95
252-->[androidx.profileinstaller:profileinstaller:1.3.1] AndroidManifest.xml:50:25-92
253            </intent-filter>
254        </receiver>
255
256        <meta-data
256-->[com.google.android.gms:play-services-basement:18.4.0] AndroidManifest.xml:6:9-122
257            android:name="com.google.android.gms.version"
257-->[com.google.android.gms:play-services-basement:18.4.0] AndroidManifest.xml:6:20-65
258            android:value="@integer/google_play_services_version" />
258-->[com.google.android.gms:play-services-basement:18.4.0] AndroidManifest.xml:6:66-119
259
260        <service
260-->[com.google.android.datatransport:transport-backend-cct:2.3.3] AndroidManifest.xml:29:9-35:19
261            android:name="com.google.android.datatransport.runtime.backends.TransportBackendDiscovery"
261-->[com.google.android.datatransport:transport-backend-cct:2.3.3] AndroidManifest.xml:30:13-103
262            android:exported="false" >
262-->[com.google.android.datatransport:transport-backend-cct:2.3.3] AndroidManifest.xml:31:13-37
263            <meta-data
263-->[com.google.android.datatransport:transport-backend-cct:2.3.3] AndroidManifest.xml:32:13-34:39
264                android:name="backend:com.google.android.datatransport.cct.CctBackendFactory"
264-->[com.google.android.datatransport:transport-backend-cct:2.3.3] AndroidManifest.xml:33:17-94
265                android:value="cct" />
265-->[com.google.android.datatransport:transport-backend-cct:2.3.3] AndroidManifest.xml:34:17-36
266        </service>
267        <service
267-->[com.google.android.datatransport:transport-runtime:2.2.6] AndroidManifest.xml:26:9-30:19
268            android:name="com.google.android.datatransport.runtime.scheduling.jobscheduling.JobInfoSchedulerService"
268-->[com.google.android.datatransport:transport-runtime:2.2.6] AndroidManifest.xml:27:13-117
269            android:exported="false"
269-->[com.google.android.datatransport:transport-runtime:2.2.6] AndroidManifest.xml:28:13-37
270            android:permission="android.permission.BIND_JOB_SERVICE" >
270-->[com.google.android.datatransport:transport-runtime:2.2.6] AndroidManifest.xml:29:13-69
271        </service>
272